<?xml version="1.0" encoding="UTF-8"?>
<!-- Generated by org.testng.reporters.JUnitXMLReporter -->
<testsuite hostname="DESKTOP-4NDGSTU" ignored="0" name="Default test" tests="3" failures="0" timestamp="31 Jan 2018 06:06:15 GMT" time="0.068" errors="0">
  <testcase name="ValidUser" time="0.021" classname="Login.TestLogin"/>
  <testcase name="InValidUser" time="0.002" classname="Login.TestLogin"/>
  <testcase name="click" time="0.001" classname="Login.TestLogin"/>
</testsuite> <!-- Default test -->
