<?xml version="1.0" encoding="UTF-8"?>
<testng-results skipped="0" failed="0" total="3" passed="3">
  <reporter-output>
  </reporter-output>
  <suite name="Login.TestLogin" duration-ms="45" started-at="2018-01-31T06:07:13Z" finished-at="2018-01-31T06:07:13Z">
    <groups>
    </groups>
    <test name="Command line test" duration-ms="45" started-at="2018-01-31T06:07:13Z" finished-at="2018-01-31T06:07:13Z">
      <class name="Login.TestLogin">
        <test-method status="PASS" signature="ValidUser()[pri:1, instance:Login.TestLogin@3f0ee7cb]" name="ValidUser" duration-ms="9" started-at="2018-01-30T22:07:13Z" finished-at="2018-01-30T22:07:13Z">
          <reporter-output>
          </reporter-output>
        </test-method> <!-- ValidUser -->
        <test-method status="PASS" signature="InValidUser()[pri:2, instance:Login.TestLogin@3f0ee7cb]" name="InValidUser" duration-ms="5" started-at="2018-01-30T22:07:13Z" finished-at="2018-01-30T22:07:13Z">
          <reporter-output>
          </reporter-output>
        </test-method> <!-- InValidUser -->
        <test-method status="PASS" signature="click()[pri:3, instance:Login.TestLogin@3f0ee7cb]" name="click" duration-ms="0" started-at="2018-01-30T22:07:13Z" finished-at="2018-01-30T22:07:13Z">
          <reporter-output>
          </reporter-output>
        </test-method> <!-- click -->
      </class> <!-- Login.TestLogin -->
    </test> <!-- Command line test -->
  </suite> <!-- Login.TestLogin -->
</testng-results>
