<?xml version="1.0" encoding="UTF-8"?>
<testng-results skipped="0" failed="0" total="1" passed="1">
  <reporter-output>
  </reporter-output>
  <suite name="Login.TestLogin" duration-ms="54" started-at="2018-01-31T05:31:42Z" finished-at="2018-01-31T05:31:42Z">
    <groups>
    </groups>
    <test name="Command line test" duration-ms="54" started-at="2018-01-31T05:31:42Z" finished-at="2018-01-31T05:31:42Z">
      <class name="Login.TestLogin">
        <test-method status="PASS" signature="ValidUser()[pri:0, instance:Login.TestLogin@3f0ee7cb]" name="ValidUser" duration-ms="18" started-at="2018-01-30T21:31:42Z" finished-at="2018-01-30T21:31:42Z">
          <reporter-output>
          </reporter-output>
        </test-method> <!-- ValidUser -->
      </class> <!-- Login.TestLogin -->
    </test> <!-- Command line test -->
  </suite> <!-- Login.TestLogin -->
</testng-results>
