<?xml version="1.0" encoding="UTF-8"?>
<testng-results skipped="0" failed="0" ignored="0" total="3" passed="3">
  <reporter-output>
  </reporter-output>
  <suite name="Default suite" duration-ms="68" started-at="2018-01-31T06:06:15Z" finished-at="2018-01-31T06:06:15Z">
    <groups>
    </groups>
    <test name="Default test" duration-ms="68" started-at="2018-01-31T06:06:15Z" finished-at="2018-01-31T06:06:15Z">
      <class name="Login.TestLogin">
        <test-method status="PASS" signature="ValidUser()[pri:1, instance:Login.TestLogin@458ad742]" name="ValidUser" duration-ms="21" started-at="2018-01-30T22:06:15Z" finished-at="2018-01-30T22:06:15Z">
          <reporter-output>
          </reporter-output>
        </test-method> <!-- ValidUser -->
        <test-method status="PASS" signature="InValidUser()[pri:2, instance:Login.TestLogin@458ad742]" name="InValidUser" duration-ms="2" started-at="2018-01-30T22:06:15Z" finished-at="2018-01-30T22:06:15Z">
          <reporter-output>
          </reporter-output>
        </test-method> <!-- InValidUser -->
        <test-method status="PASS" signature="click()[pri:3, instance:Login.TestLogin@458ad742]" name="click" duration-ms="1" started-at="2018-01-30T22:06:15Z" finished-at="2018-01-30T22:06:15Z">
          <reporter-output>
          </reporter-output>
        </test-method> <!-- click -->
      </class> <!-- Login.TestLogin -->
    </test> <!-- Default test -->
  </suite> <!-- Default suite -->
</testng-results>
